TN:
SF:C:\Users\Nasir\Desktop\Tahir\ponyracer\src\App.vue
FNF:0
FNH:0
DA:12,1
DA:13,1
DA:14,1
DA:16,1
LF:4
LH:4
BRF:0
BRH:0
end_of_record
TN:
SF:C:\Users\Nasir\Desktop\Tahir\ponyracer\src\Views\Races.vue
FN:19,(anonymous_0)
FN:23,(anonymous_1)
FNF:2
FNH:2
FNDA:4,(anonymous_0)
FNDA:8,(anonymous_1)
DA:8,3
DA:10,3
DA:11,3
DA:13,3
DA:19,4
DA:20,4
DA:21,4
DA:23,4
DA:24,8
DA:27,4
LF:10
LH:10
BRF:0
BRH:0
end_of_record
TN:
SF:C:\Users\Nasir\Desktop\Tahir\ponyracer\src\components\Navbar.vue
FN:23,(anonymous_0)
FN:26,(anonymous_1)
FNF:2
FNH:2
FNDA:4,(anonymous_0)
FNDA:1,(anonymous_1)
DA:18,2
DA:20,2
DA:24,4
DA:26,4
DA:27,1
DA:30,4
LF:6
LH:6
BRF:0
BRH:0
end_of_record
TN:
SF:C:\Users\Nasir\Desktop\Tahir\ponyracer\src\components\Pony.vue
FN:26,(anonymous_0)
FN:27,(anonymous_1)
FN:29,(anonymous_2)
FNF:3
FNH:3
FNDA:37,(anonymous_0)
FNDA:37,(anonymous_1)
FNDA:1,(anonymous_2)
DA:11,4
DA:14,4
DA:26,37
DA:27,37
DA:29,37
DA:30,1
DA:33,37
LF:7
LH:7
BRF:0
BRH:0
end_of_record
TN:
SF:C:\Users\Nasir\Desktop\Tahir\ponyracer\src\components\Race.vue
FN:32,(anonymous_0)
FN:33,(anonymous_1)
FNF:2
FNH:2
FNDA:9,(anonymous_0)
FNDA:9,(anonymous_1)
DA:15,3
DA:16,3
DA:17,3
DA:19,3
DA:33,9
DA:35,9
LF:6
LH:6
BRF:0
BRH:0
end_of_record
TN:
SF:C:\Users\Nasir\Desktop\Tahir\ponyracer\src\composables\RaceService.ts
FN:3,useRaceService
FN:5,(anonymous_1)
FNF:2
FNH:2
FNDA:4,useRaceService
FNDA:4,(anonymous_1)
DA:3,2
DA:4,4
DA:6,4
LF:3
LH:3
BRF:0
BRH:0
end_of_record
TN:
SF:C:\Users\Nasir\Desktop\Tahir\ponyracer\src\utils\FromNow.ts
FN:3,fromNow
FNF:1
FNH:1
FNDA:10,fromNow
DA:1,4
DA:3,4
DA:4,10
DA:5,10
LF:4
LH:4
BRF:0
BRH:0
end_of_record
