TN:
SF:C:\Users\Nasir\Desktop\Tahir\ponyracer\src\App.vue
FN:28,(anonymous_0)
FN:31,(anonymous_1)
FNF:2
FNH:2
FNDA:3,(anonymous_0)
FNDA:2,(anonymous_1)
DA:15,1
DA:16,1
DA:17,1
DA:18,1
DA:20,1
DA:29,3
DA:31,3
DA:32,2
DA:33,2
DA:36,3
LF:10
LH:10
BRF:0
BRH:0
end_of_record
TN:
SF:C:\Users\Nasir\Desktop\Tahir\ponyracer\src\Views\Home.vue
FNF:0
FNH:0
DA:17,3
DA:19,3
LF:2
LH:2
BRF:0
BRH:0
end_of_record
TN:
SF:C:\Users\Nasir\Desktop\Tahir\ponyracer\src\Views\Login.vue
FN:51,(anonymous_0)
FN:56,authenticate
FNF:2
FNH:2
FNDA:5,(anonymous_0)
FNDA:2,authenticate
DA:33,3
DA:34,3
DA:35,3
DA:38,3
DA:39,3
DA:40,3
DA:42,3
DA:52,5
DA:53,5
DA:54,5
DA:58,4
DA:59,1
DA:60,1
DA:63,1
DA:67,5
LF:15
LH:15
BRDA:59,0,0,1
BRDA:59,0,1,0
BRF:2
BRH:1
end_of_record
TN:
SF:C:\Users\Nasir\Desktop\Tahir\ponyracer\src\Views\Races.vue
FN:19,(anonymous_0)
FNF:1
FNH:1
FNDA:1,(anonymous_0)
DA:8,4
DA:10,4
DA:11,4
DA:13,4
DA:20,1
DA:21,1
DA:23,2
DA:25,1
LF:8
LH:8
BRF:0
BRH:0
end_of_record
TN:
SF:C:\Users\Nasir\Desktop\Tahir\ponyracer\src\Views\Register.vue
FN:63,(anonymous_0)
FN:69,register
FNF:2
FNH:1
FNDA:6,(anonymous_0)
FNDA:0,register
DA:46,3
DA:48,3
DA:50,3
DA:51,3
DA:52,3
DA:54,3
DA:64,6
DA:65,6
DA:66,6
DA:67,6
DA:71,0
DA:72,0
DA:73,0
DA:76,0
DA:80,6
LF:15
LH:11
BRDA:72,0,0,0
BRDA:72,0,1,0
BRF:2
BRH:0
end_of_record
TN:
SF:C:\Users\Nasir\Desktop\Tahir\ponyracer\src\components\Alert.vue
FN:28,(anonymous_0)
FN:29,(anonymous_1)
FN:31,(anonymous_2)
FN:35,(anonymous_3)
FNF:4
FNH:4
FNDA:4,(anonymous_0)
FNDA:5,(anonymous_1)
FNDA:2,(anonymous_2)
FNDA:5,(anonymous_3)
DA:11,4
DA:12,4
DA:28,4
DA:29,5
DA:31,4
DA:32,2
DA:35,5
DA:37,4
LF:8
LH:8
BRF:0
BRH:0
end_of_record
TN:
SF:C:\Users\Nasir\Desktop\Tahir\ponyracer\src\components\Navbar.vue
FN:25,(anonymous_0)
FN:28,(anonymous_1)
FNF:2
FNH:2
FNDA:8,(anonymous_0)
FNDA:3,(anonymous_1)
DA:20,2
DA:22,2
DA:26,8
DA:28,8
DA:29,3
DA:32,8
LF:6
LH:6
BRF:0
BRH:0
end_of_record
TN:
SF:C:\Users\Nasir\Desktop\Tahir\ponyracer\src\components\Pony.vue
FN:26,(anonymous_0)
FN:27,(anonymous_1)
FN:29,(anonymous_2)
FNF:3
FNH:3
FNDA:7,(anonymous_0)
FNDA:7,(anonymous_1)
FNDA:1,(anonymous_2)
DA:11,6
DA:14,6
DA:26,7
DA:27,7
DA:29,7
DA:30,1
DA:33,7
LF:7
LH:7
BRF:0
BRH:0
end_of_record
TN:
SF:C:\Users\Nasir\Desktop\Tahir\ponyracer\src\components\Race.vue
FN:32,(anonymous_0)
FN:33,(anonymous_1)
FNF:2
FNH:2
FNDA:3,(anonymous_0)
FNDA:3,(anonymous_1)
DA:15,5
DA:16,5
DA:17,5
DA:19,5
DA:33,3
DA:35,3
LF:6
LH:6
BRF:0
BRH:0
end_of_record
TN:
SF:C:\Users\Nasir\Desktop\Tahir\ponyracer\src\composables\RaceService.ts
FN:5,useRaceService
FN:7,(anonymous_1)
FNF:2
FNH:2
FNDA:1,useRaceService
FNDA:1,(anonymous_1)
DA:2,4
DA:3,4
DA:5,4
DA:6,1
DA:8,1
DA:12,1
LF:6
LH:6
BRDA:8,0,0,1
BRF:1
BRH:1
end_of_record
TN:
SF:C:\Users\Nasir\Desktop\Tahir\ponyracer\src\composables\UserService.ts
FN:8,useUserService
FN:10,(anonymous_1)
FN:16,(anonymous_4)
FNF:3
FNH:3
FNDA:2,useUserService
FNDA:1,(anonymous_1)
FNDA:1,(anonymous_4)
DA:4,1
DA:6,1
DA:8,1
DA:9,2
DA:11,1
DA:13,1
DA:17,1
DA:19,1
LF:8
LH:8
BRDA:11,0,0,1
BRDA:17,1,0,1
BRF:2
BRH:2
end_of_record
TN:
SF:C:\Users\Nasir\Desktop\Tahir\ponyracer\src\utils\FromNow.ts
FN:3,fromNow
FNF:1
FNH:1
FNDA:4,fromNow
DA:1,6
DA:3,6
DA:4,4
DA:5,4
LF:4
LH:4
BRF:0
BRH:0
end_of_record
